0 info it worked if it ends with ok
1 verbose cli [ '/usr/bin/nodejs', '/usr/bin/npm', 'run', 'prod' ]
2 info using npm@3.5.2
3 info using node@v4.7.2
4 verbose run-script [ 'preprod', 'prod', 'postprod' ]
5 info lifecycle partycravings-webapp@1.0.0~preprod: partycravings-webapp@1.0.0
6 silly lifecycle partycravings-webapp@1.0.0~preprod: no script for preprod, continuing
7 info lifecycle partycravings-webapp@1.0.0~prod: partycravings-webapp@1.0.0
8 verbose lifecycle partycravings-webapp@1.0.0~prod: unsafe-perm in lifecycle true
9 verbose lifecycle partycravings-webapp@1.0.0~prod: PATH: /usr/share/npm/bin/node-gyp-bin:/home/odusanya/Development/node_modules/.bin:/usr/local/sbin:/usr/local/bin:/usr/sbin:/usr/bin:/sbin:/bin:/usr/games:/usr/local/games:/snap/bin
10 verbose lifecycle partycravings-webapp@1.0.0~prod: CWD: /home/odusanya/Development
11 silly lifecycle partycravings-webapp@1.0.0~prod: Args: [ '-c', 'encore production' ]
12 silly lifecycle partycravings-webapp@1.0.0~prod: Returned: code: 1  signal: null
13 info lifecycle partycravings-webapp@1.0.0~prod: Failed to exec prod script
14 verbose stack Error: partycravings-webapp@1.0.0 prod: `encore production`
14 verbose stack Exit status 1
14 verbose stack     at EventEmitter.<anonymous> (/usr/share/npm/lib/utils/lifecycle.js:232:16)
14 verbose stack     at emitTwo (events.js:87:13)
14 verbose stack     at EventEmitter.emit (events.js:172:7)
14 verbose stack     at ChildProcess.<anonymous> (/usr/share/npm/lib/utils/spawn.js:24:14)
14 verbose stack     at emitTwo (events.js:87:13)
14 verbose stack     at ChildProcess.emit (events.js:172:7)
14 verbose stack     at maybeClose (internal/child_process.js:854:16)
14 verbose stack     at Process.ChildProcess._handle.onexit (internal/child_process.js:222:5)
15 verbose pkgid partycravings-webapp@1.0.0
16 verbose cwd /home/odusanya/Development
17 error Linux 4.10.0-13-generic
18 error argv "/usr/bin/nodejs" "/usr/bin/npm" "run" "prod"
19 error node v4.7.2
20 error npm  v3.5.2
21 error code ELIFECYCLE
22 error partycravings-webapp@1.0.0 prod: `encore production`
22 error Exit status 1
23 error Failed at the partycravings-webapp@1.0.0 prod script 'encore production'.
23 error Make sure you have the latest version of node.js and npm installed.
23 error If you do, this is most likely a problem with the partycravings-webapp package,
23 error not with npm itself.
23 error Tell the author that this fails on your system:
23 error     encore production
23 error You can get information on how to open an issue for this project with:
23 error     npm bugs partycravings-webapp
23 error Or if that isn't available, you can get their info via:
23 error     npm owner ls partycravings-webapp
23 error There is likely additional logging output above.
24 verbose exit [ 1, true ]
